sample/build/intermediates/manifest_merge_blame_file/debug/manifest-merger-blame-debug-report.txt
1<?xml version="1.0" encoding="utf-8"?>
2<manifest xmlns:android="http://schemas.android.com/apk/res/android"
3    package="com.daasuu.camerarecorder_androidtesttest"
4    android:versionCode="1"
5    android:versionName="1.0" >
6
7    <uses-sdk
8        android:minSdkVersion="24"
8-->src\main\AndroidManifest.xml
9        android:targetSdkVersion="29" />
9-->src\main\AndroidManifest.xml
10
11    <uses-permission android:name="android.permission.RECORD_AUDIO" />
11-->[:camerarecorder] AndroidManifest.xml:9:5-71
11-->[:camerarecorder] AndroidManifest.xml:9:22-68
12    <uses-permission android:name="android.permission.READ_EXTERNAL_STORAGE" />
12-->[:camerarecorder] AndroidManifest.xml:10:5-80
12-->[:camerarecorder] AndroidManifest.xml:10:22-77
13    <uses-permission android:name="android.permission.INTERNET" />
13-->[:camerarecorder] AndroidManifest.xml:11:5-67
13-->[:camerarecorder] AndroidManifest.xml:11:22-64
14    <uses-permission android:name="android.permission.ACCESS_NETWORK_STATE" />
14-->[:camerarecorder] AndroidManifest.xml:12:5-79
14-->[:camerarecorder] AndroidManifest.xml:12:22-76
15
16    <uses-feature android:name="android.hardware.camera" />
16-->[:camerarecorder] AndroidManifest.xml:14:5-60
16-->[:camerarecorder] AndroidManifest.xml:14:19-57
17    <uses-feature android:name="android.hardware.camera.autofocus" />
17-->[:camerarecorder] AndroidManifest.xml:15:5-70
17-->[:camerarecorder] AndroidManifest.xml:15:19-67
18
19    <uses-permission android:name="android.permission.CAMERA" />
19-->[:camerarecorder] AndroidManifest.xml:17:5-65
19-->[:camerarecorder] AndroidManifest.xml:17:22-62
20    <uses-permission android:name="android.permission.WRITE_EXTERNAL_STORAGE" />
20-->[:camerarecorder] AndroidManifest.xml:18:5-81
20-->[:camerarecorder] AndroidManifest.xml:18:22-78
21    <uses-permission android:name="android.permission.RECORD_AUDIO" />
21-->[:camerarecorder] AndroidManifest.xml:9:5-71
21-->[:camerarecorder] AndroidManifest.xml:9:22-68
22
23    <application
23-->src\main\AndroidManifest.xml:4:5-19:19
24        android:allowBackup="true"
24-->src\main\AndroidManifest.xml:5:9-35
25        android:appComponentFactory="androidx.core.app.CoreComponentFactory"
25-->[androidx.core:core:1.5.0] AndroidManifest.xml:24:18-86
26        android:debuggable="true"
27        android:extractNativeLibs="false"
28        android:icon="@mipmap/ic_launcher"
28-->src\main\AndroidManifest.xml:6:9-43
29        android:label="@string/app_name"
29-->src\main\AndroidManifest.xml:7:9-41
30        android:roundIcon="@mipmap/ic_launcher_round"
30-->src\main\AndroidManifest.xml:8:9-54
31        android:supportsRtl="true"
31-->src\main\AndroidManifest.xml:9:9-35
32        android:theme="@style/AppTheme" >
32-->src\main\AndroidManifest.xml:10:9-40
33        <activity
33-->src\main\AndroidManifest.xml:11:9-18:20
34            android:name="com.daasuu.sample.MainActivity"
34-->src\main\AndroidManifest.xml:12:13-58
35            android:screenOrientation="portrait" >
35-->src\main\AndroidManifest.xml:13:13-49
36            <intent-filter>
36-->src\main\AndroidManifest.xml:14:13-17:29
37                <action android:name="android.intent.action.MAIN" />
37-->src\main\AndroidManifest.xml:15:17-69
37-->src\main\AndroidManifest.xml:15:25-66
38
39                <category android:name="android.intent.category.LAUNCHER" />
39-->src\main\AndroidManifest.xml:16:17-77
39-->src\main\AndroidManifest.xml:16:27-74
40            </intent-filter>
41        </activity>
42        <activity
42-->[:camerarecorder] AndroidManifest.xml:26:9-28:52
43            android:name="com.daasuu.camerarecorder.VideoProcessActivity"
43-->[:camerarecorder] AndroidManifest.xml:27:13-74
44            android:screenOrientation="portrait" />
44-->[:camerarecorder] AndroidManifest.xml:28:13-49
45        <activity
45-->[:camerarecorder] AndroidManifest.xml:29:9-31:52
46            android:name="com.daasuu.camerarecorder.BaseCameraActivity"
46-->[:camerarecorder] AndroidManifest.xml:30:13-72
47            android:screenOrientation="portrait" />
47-->[:camerarecorder] AndroidManifest.xml:31:13-49
48        <activity
48-->[:camerarecorder] AndroidManifest.xml:32:9-34:52
49            android:name="com.daasuu.camerarecorder.FastAndSlowVideoMotionActivity"
49-->[:camerarecorder] AndroidManifest.xml:33:13-84
50            android:screenOrientation="portrait" />
50-->[:camerarecorder] AndroidManifest.xml:34:13-49
51        <activity
51-->[:camerarecorder] AndroidManifest.xml:35:9-37:52
52            android:name="com.daasuu.camerarecorder.CombineImagesActivity"
52-->[:camerarecorder] AndroidManifest.xml:36:13-75
53            android:screenOrientation="portrait" />
53-->[:camerarecorder] AndroidManifest.xml:37:13-49
54        <activity
54-->[:camerarecorder] AndroidManifest.xml:38:9-40:52
55            android:name="com.daasuu.camerarecorder.ExtractAudioActivity"
55-->[:camerarecorder] AndroidManifest.xml:39:13-74
56            android:screenOrientation="portrait" />
56-->[:camerarecorder] AndroidManifest.xml:40:13-49
57        <activity
57-->[:camerarecorder] AndroidManifest.xml:41:9-44:65
58            android:name="com.daasuu.camerarecorder.AddTextOnVideoActivity"
58-->[:camerarecorder] AndroidManifest.xml:42:13-76
59            android:screenOrientation="portrait"
59-->[:camerarecorder] AndroidManifest.xml:43:13-49
60            android:theme="@style/Theme.AppCompat.SelfLucent" />
60-->[:camerarecorder] AndroidManifest.xml:44:13-62
61        <activity
61-->[:camerarecorder] AndroidManifest.xml:45:9-47:52
62            android:name="com.daasuu.camerarecorder.ReverseVideoActivity"
62-->[:camerarecorder] AndroidManifest.xml:46:13-74
63            android:screenOrientation="portrait" />
63-->[:camerarecorder] AndroidManifest.xml:47:13-49
64        <activity
64-->[:camerarecorder] AndroidManifest.xml:48:9-50:52
65            android:name="com.daasuu.camerarecorder.MergeImageAndMP3Activity"
65-->[:camerarecorder] AndroidManifest.xml:49:13-78
66            android:screenOrientation="portrait" />
66-->[:camerarecorder] AndroidManifest.xml:50:13-49
67        <activity
67-->[:camerarecorder] AndroidManifest.xml:51:9-54:65
68            android:name="com.daasuu.camerarecorder.AddWaterMarkOnVideoActivity"
68-->[:camerarecorder] AndroidManifest.xml:52:13-81
69            android:screenOrientation="portrait"
69-->[:camerarecorder] AndroidManifest.xml:53:13-49
70            android:theme="@style/Theme.AppCompat.SelfLucent" />
70-->[:camerarecorder] AndroidManifest.xml:54:13-62
71        <activity
71-->[:camerarecorder] AndroidManifest.xml:55:9-57:52
72            android:name="com.daasuu.camerarecorder.CombineVideosActivity"
72-->[:camerarecorder] AndroidManifest.xml:56:13-75
73            android:screenOrientation="portrait" />
73-->[:camerarecorder] AndroidManifest.xml:57:13-49
74        <activity
74-->[:camerarecorder] AndroidManifest.xml:58:9-60:52
75            android:name="com.daasuu.camerarecorder.CombineImageAndVideoActivity"
75-->[:camerarecorder] AndroidManifest.xml:59:13-82
76            android:screenOrientation="portrait" />
76-->[:camerarecorder] AndroidManifest.xml:60:13-49
77        <activity
77-->[:camerarecorder] AndroidManifest.xml:61:9-63:52
78            android:name="com.daasuu.camerarecorder.MergeAudioVideoActivity"
78-->[:camerarecorder] AndroidManifest.xml:62:13-77
79            android:screenOrientation="portrait" />
79-->[:camerarecorder] AndroidManifest.xml:63:13-49
80        <activity
80-->[:camerarecorder] AndroidManifest.xml:64:9-66:52
81            android:name="com.daasuu.camerarecorder.RemoveAudioFromVideoActivity"
81-->[:camerarecorder] AndroidManifest.xml:65:13-82
82            android:screenOrientation="portrait" />
82-->[:camerarecorder] AndroidManifest.xml:66:13-49
83        <activity
83-->[:camerarecorder] AndroidManifest.xml:67:9-69:52
84            android:name="com.daasuu.camerarecorder.ImageToVideoConvertActivity"
84-->[:camerarecorder] AndroidManifest.xml:68:13-81
85            android:screenOrientation="portrait" />
85-->[:camerarecorder] AndroidManifest.xml:69:13-49
86        <activity
86-->[:camerarecorder] AndroidManifest.xml:70:9-72:52
87            android:name="com.daasuu.camerarecorder.VideoRotateFlipActivity"
87-->[:camerarecorder] AndroidManifest.xml:71:13-77
88            android:screenOrientation="portrait" />
88-->[:camerarecorder] AndroidManifest.xml:72:13-49
89        <activity
89-->[:camerarecorder] AndroidManifest.xml:73:9-75:52
90            android:name="com.daasuu.camerarecorder.CutVideoUsingTimeActivity"
90-->[:camerarecorder] AndroidManifest.xml:74:13-79
91            android:screenOrientation="portrait" />
91-->[:camerarecorder] AndroidManifest.xml:75:13-49
92        <activity
92-->[:camerarecorder] AndroidManifest.xml:76:9-78:52
93            android:name="com.daasuu.camerarecorder.VideoToGifActivity"
93-->[:camerarecorder] AndroidManifest.xml:77:13-72
94            android:screenOrientation="portrait" />
94-->[:camerarecorder] AndroidManifest.xml:78:13-49
95        <activity
95-->[:camerarecorder] AndroidManifest.xml:79:9-81:52
96            android:name="com.daasuu.camerarecorder.OptionsList"
96-->[:camerarecorder] AndroidManifest.xml:80:13-65
97            android:screenOrientation="portrait" />
97-->[:camerarecorder] AndroidManifest.xml:81:13-49
98        <activity
98-->[:camerarecorder] AndroidManifest.xml:82:9-84:52
99            android:name="com.daasuu.camerarecorder.TrimMainActivity"
99-->[:camerarecorder] AndroidManifest.xml:83:13-70
100            android:screenOrientation="portrait" />
100-->[:camerarecorder] AndroidManifest.xml:84:13-49
101        <activity
101-->[:camerarecorder] AndroidManifest.xml:85:9-87:52
102            android:name="com.daasuu.camerarecorder.TrimmerActivity"
102-->[:camerarecorder] AndroidManifest.xml:86:13-69
103            android:screenOrientation="portrait" />
103-->[:camerarecorder] AndroidManifest.xml:87:13-49
104        <activity
104-->[:camerarecorder] AndroidManifest.xml:88:9-90:52
105            android:name="com.daasuu.camerarecorder.VoiceRecorderActivity"
105-->[:camerarecorder] AndroidManifest.xml:89:13-75
106            android:screenOrientation="portrait" />
106-->[:camerarecorder] AndroidManifest.xml:90:13-49
107
108        <meta-data
108-->[:camerarecorder] AndroidManifest.xml:92:9-94:57
109            android:name="preloaded_fonts"
109-->[:camerarecorder] AndroidManifest.xml:93:13-43
110            android:resource="@array/preloaded_fonts" />
110-->[:camerarecorder] AndroidManifest.xml:94:13-54
111
112        <provider
112-->[com.github.jaiselrahman:FilePicker:1.3.2] AndroidManifest.xml:14:9-22:20
113            android:name="com.jaiselrahman.filepicker.utils.FilePickerProvider"
113-->[com.github.jaiselrahman:FilePicker:1.3.2] AndroidManifest.xml:15:13-80
114            android:authorities="com.daasuu.camerarecorder_androidtesttest.filepicker.provider"
114-->[com.github.jaiselrahman:FilePicker:1.3.2] AndroidManifest.xml:16:13-71
115            android:exported="false"
115-->[com.github.jaiselrahman:FilePicker:1.3.2] AndroidManifest.xml:17:13-37
116            android:grantUriPermissions="true" >
116-->[com.github.jaiselrahman:FilePicker:1.3.2] AndroidManifest.xml:18:13-47
117            <meta-data
117-->[com.github.jaiselrahman:FilePicker:1.3.2] AndroidManifest.xml:19:13-21:86
118                android:name="android.support.FILE_PROVIDER_PATHS"
118-->[com.github.jaiselrahman:FilePicker:1.3.2] AndroidManifest.xml:20:17-67
119                android:resource="@xml/com_jaiselrahman_filepicker_provider_paths" />
119-->[com.github.jaiselrahman:FilePicker:1.3.2] AndroidManifest.xml:21:17-83
120        </provider>
121
122        <activity
122-->[com.github.jaiselrahman:FilePicker:1.3.2] AndroidManifest.xml:24:9-26:59
123            android:name="com.jaiselrahman.filepicker.activity.FilePickerActivity"
123-->[com.github.jaiselrahman:FilePicker:1.3.2] AndroidManifest.xml:25:13-83
124            android:theme="@style/AppTheme.NoActionBar" />
124-->[com.github.jaiselrahman:FilePicker:1.3.2] AndroidManifest.xml:26:13-56
125        <activity
125-->[pub.devrel:easypermissions:3.0.0] AndroidManifest.xml:12:9-16:66
126            android:name="pub.devrel.easypermissions.AppSettingsDialogHolderActivity"
126-->[pub.devrel:easypermissions:3.0.0] AndroidManifest.xml:13:13-86
127            android:exported="false"
127-->[pub.devrel:easypermissions:3.0.0] AndroidManifest.xml:14:13-37
128            android:label=""
128-->[pub.devrel:easypermissions:3.0.0] AndroidManifest.xml:15:13-29
129            android:theme="@style/EasyPermissions.Transparent" />
129-->[pub.devrel:easypermissions:3.0.0] AndroidManifest.xml:16:13-63
130    </application>
131
132</manifest>